16-Apr-2024 10:36:30.814 INFO [main] org.apache.catalina.startup.VersionLoggerListener.log Server version name:   Apache Tomcat/9.0.86
16-Apr-2024 10:36:30.823 INFO [main] org.apache.catalina.startup.VersionLoggerListener.log Server built:          Feb 14 2024 08:15:12 UTC
16-Apr-2024 10:36:30.824 INFO [main] org.apache.catalina.startup.VersionLoggerListener.log Server version number: 9.0.86.0
16-Apr-2024 10:36:30.824 INFO [main] org.apache.catalina.startup.VersionLoggerListener.log OS Name:               Mac OS X
16-Apr-2024 10:36:30.825 INFO [main] org.apache.catalina.startup.VersionLoggerListener.log OS Version:            14.4
16-Apr-2024 10:36:30.825 INFO [main] org.apache.catalina.startup.VersionLoggerListener.log Architecture:          x86_64
16-Apr-2024 10:36:30.826 INFO [main] org.apache.catalina.startup.VersionLoggerListener.log Java Home:             /Library/Java/JavaVirtualMachines/jdk-17.0.2.jdk/Contents/Home
16-Apr-2024 10:36:30.826 INFO [main] org.apache.catalina.startup.VersionLoggerListener.log JVM Version:           17.0.2+8-86
16-Apr-2024 10:36:30.826 INFO [main] org.apache.catalina.startup.VersionLoggerListener.log JVM Vendor:            Oracle Corporation
16-Apr-2024 10:36:30.826 INFO [main] org.apache.catalina.startup.VersionLoggerListener.log CATALINA_BASE:         /Users/vatsalpatel/Desktop/mid/apache-tomcat-9.0.86
16-Apr-2024 10:36:30.826 INFO [main] org.apache.catalina.startup.VersionLoggerListener.log CATALINA_HOME:         /Users/vatsalpatel/Desktop/mid/apache-tomcat-9.0.86
16-Apr-2024 10:36:30.916 INFO [main] org.apache.catalina.startup.VersionLoggerListener.log Command line argument: --add-opens=java.base/java.lang=ALL-UNNAMED
16-Apr-2024 10:36:30.916 INFO [main] org.apache.catalina.startup.VersionLoggerListener.log Command line argument: --add-opens=java.base/java.io=ALL-UNNAMED
16-Apr-2024 10:36:30.917 INFO [main] org.apache.catalina.startup.VersionLoggerListener.log Command line argument: --add-opens=java.base/java.util=ALL-UNNAMED
16-Apr-2024 10:36:30.917 INFO [main] org.apache.catalina.startup.VersionLoggerListener.log Command line argument: --add-opens=java.base/java.util.concurrent=ALL-UNNAMED
16-Apr-2024 10:36:30.917 INFO [main] org.apache.catalina.startup.VersionLoggerListener.log Command line argument: --add-opens=java.rmi/sun.rmi.transport=ALL-UNNAMED
16-Apr-2024 10:36:30.917 INFO [main] org.apache.catalina.startup.VersionLoggerListener.log Command line argument: -Djava.util.logging.config.file=/Users/vatsalpatel/Desktop/mid/apache-tomcat-9.0.86/conf/logging.properties
16-Apr-2024 10:36:30.917 INFO [main] org.apache.catalina.startup.VersionLoggerListener.log Command line argument: -Djava.util.logging.manager=org.apache.juli.ClassLoaderLogManager
16-Apr-2024 10:36:30.917 INFO [main] org.apache.catalina.startup.VersionLoggerListener.log Command line argument: -Djdk.tls.ephemeralDHKeySize=2048
16-Apr-2024 10:36:30.924 INFO [main] org.apache.catalina.startup.VersionLoggerListener.log Command line argument: -Djava.protocol.handler.pkgs=org.apache.catalina.webresources
16-Apr-2024 10:36:30.925 INFO [main] org.apache.catalina.startup.VersionLoggerListener.log Command line argument: -Dorg.apache.catalina.security.SecurityListener.UMASK=0027
16-Apr-2024 10:36:30.925 INFO [main] org.apache.catalina.startup.VersionLoggerListener.log Command line argument: -Dignore.endorsed.dirs=
16-Apr-2024 10:36:30.925 INFO [main] org.apache.catalina.startup.VersionLoggerListener.log Command line argument: -Dcatalina.base=/Users/vatsalpatel/Desktop/mid/apache-tomcat-9.0.86
16-Apr-2024 10:36:30.925 INFO [main] org.apache.catalina.startup.VersionLoggerListener.log Command line argument: -Dcatalina.home=/Users/vatsalpatel/Desktop/mid/apache-tomcat-9.0.86
16-Apr-2024 10:36:30.926 INFO [main] org.apache.catalina.startup.VersionLoggerListener.log Command line argument: -Djava.io.tmpdir=/Users/vatsalpatel/Desktop/mid/apache-tomcat-9.0.86/temp
16-Apr-2024 10:36:30.944 INFO [main] org.apache.catalina.core.AprLifecycleListener.lifecycleEvent The Apache Tomcat Native library which allows using OpenSSL was not found on the java.library.path: [/Users/vatsalpatel/Library/Java/Extensions:/Library/Java/Extensions:/Network/Library/Java/Extensions:/System/Library/Java/Extensions:/usr/lib/java:.]
16-Apr-2024 10:36:31.752 INFO [main] org.apache.coyote.AbstractProtocol.init Initializing ProtocolHandler ["http-nio-8080"]
16-Apr-2024 10:36:31.851 INFO [main] org.apache.catalina.startup.Catalina.load Server initialization in [1484] milliseconds
16-Apr-2024 10:36:31.928 INFO [main] org.apache.catalina.core.StandardService.startInternal Starting service [Catalina]
16-Apr-2024 10:36:31.928 INFO [main] org.apache.catalina.core.StandardEngine.startInternal Starting Servlet engine: [Apache Tomcat/9.0.86]
16-Apr-2024 10:36:31.960 INFO [main] org.apache.catalina.startup.HostConfig.deployWAR Deploying web application archive [/Users/vatsalpatel/Desktop/mid/apache-tomcat-9.0.86/webapps/geoserver.war]
16-Apr-2024 10:36:54.644 INFO [main] org.apache.jasper.servlet.TldScanner.scanJars At least one JAR was scanned for TLDs yet contained no TLDs. Enable debug logging for this logger for a complete list of JARs that were scanned but no TLDs were found in them. Skipping unneeded JARs during scanning can improve startup time and JSP compilation time.
16-Apr-2024 10:37:19.800 INFO [main] org.apache.catalina.startup.HostConfig.deployWAR Deployment of web application archive [/Users/vatsalpatel/Desktop/mid/apache-tomcat-9.0.86/webapps/geoserver.war] has finished in [47,839] ms
16-Apr-2024 10:37:19.802 INFO [main] org.apache.catalina.startup.HostConfig.deployDirectory Deploying web application directory [/Users/vatsalpatel/Desktop/mid/apache-tomcat-9.0.86/webapps/docs]
16-Apr-2024 10:37:19.843 INFO [main] org.apache.catalina.startup.HostConfig.deployDirectory Deployment of web application directory [/Users/vatsalpatel/Desktop/mid/apache-tomcat-9.0.86/webapps/docs] has finished in [41] ms
16-Apr-2024 10:37:19.843 INFO [main] org.apache.catalina.startup.HostConfig.deployDirectory Deploying web application directory [/Users/vatsalpatel/Desktop/mid/apache-tomcat-9.0.86/webapps/webgis]
16-Apr-2024 10:37:19.868 INFO [main] org.apache.catalina.startup.HostConfig.deployDirectory Deployment of web application directory [/Users/vatsalpatel/Desktop/mid/apache-tomcat-9.0.86/webapps/webgis] has finished in [24] ms
16-Apr-2024 10:37:19.869 INFO [main] org.apache.catalina.startup.HostConfig.deployDirectory Deploying web application directory [/Users/vatsalpatel/Desktop/mid/apache-tomcat-9.0.86/webapps/manager]
16-Apr-2024 10:37:19.927 INFO [main] org.apache.catalina.startup.HostConfig.deployDirectory Deployment of web application directory [/Users/vatsalpatel/Desktop/mid/apache-tomcat-9.0.86/webapps/manager] has finished in [58] ms
16-Apr-2024 10:37:19.928 INFO [main] org.apache.catalina.startup.HostConfig.deployDirectory Deploying web application directory [/Users/vatsalpatel/Desktop/mid/apache-tomcat-9.0.86/webapps/examples]
16-Apr-2024 10:37:20.312 INFO [main] org.apache.catalina.startup.HostConfig.deployDirectory Deployment of web application directory [/Users/vatsalpatel/Desktop/mid/apache-tomcat-9.0.86/webapps/examples] has finished in [385] ms
16-Apr-2024 10:37:20.313 INFO [main] org.apache.catalina.startup.HostConfig.deployDirectory Deploying web application directory [/Users/vatsalpatel/Desktop/mid/apache-tomcat-9.0.86/webapps/ROOT]
16-Apr-2024 10:37:20.340 INFO [main] org.apache.catalina.startup.HostConfig.deployDirectory Deployment of web application directory [/Users/vatsalpatel/Desktop/mid/apache-tomcat-9.0.86/webapps/ROOT] has finished in [27] ms
16-Apr-2024 10:37:20.341 INFO [main] org.apache.catalina.startup.HostConfig.deployDirectory Deploying web application directory [/Users/vatsalpatel/Desktop/mid/apache-tomcat-9.0.86/webapps/host-manager]
16-Apr-2024 10:37:20.369 INFO [main] org.apache.catalina.startup.HostConfig.deployDirectory Deployment of web application directory [/Users/vatsalpatel/Desktop/mid/apache-tomcat-9.0.86/webapps/host-manager] has finished in [28] ms
16-Apr-2024 10:37:20.378 INFO [main] org.apache.coyote.AbstractProtocol.start Starting ProtocolHandler ["http-nio-8080"]
16-Apr-2024 10:37:20.409 INFO [main] org.apache.catalina.startup.Catalina.start Server startup in [48559] milliseconds
16-Apr-2024 10:49:41.092 INFO [main] org.apache.catalina.core.StandardServer.await A valid shutdown command was received via the shutdown port. Stopping the Server instance.
16-Apr-2024 10:49:41.097 INFO [main] org.apache.coyote.AbstractProtocol.pause Pausing ProtocolHandler ["http-nio-8080"]
16-Apr-2024 10:49:41.109 INFO [main] org.apache.catalina.core.StandardService.stopInternal Stopping service [Catalina]
16-Apr-2024 10:49:43.662 WARNING [main] org.apache.catalina.loader.WebappClassLoaderBase.clearReferencesThreads The web application [geoserver] appears to have started a thread named [FileSystemWatcher-1] but has failed to stop it. This is very likely to create a memory leak. Stack trace of thread:
 java.base@17.0.2/jdk.internal.misc.Unsafe.park(Native Method)
 java.base@17.0.2/java.util.concurrent.locks.LockSupport.parkNanos(LockSupport.java:252)
 java.base@17.0.2/java.util.concurrent.locks.AbstractQueuedSynchronizer$ConditionObject.awaitNanos(AbstractQueuedSynchronizer.java:1672)
 java.base@17.0.2/java.util.concurrent.ScheduledThreadPoolExecutor$DelayedWorkQueue.take(ScheduledThreadPoolExecutor.java:1182)
 java.base@17.0.2/java.util.concurrent.ScheduledThreadPoolExecutor$DelayedWorkQueue.take(ScheduledThreadPoolExecutor.java:899)
 java.base@17.0.2/java.util.concurrent.ThreadPoolExecutor.getTask(ThreadPoolExecutor.java:1062)
 java.base@17.0.2/java.util.concurrent.ThreadPoolExecutor.runWorker(ThreadPoolExecutor.java:1122)
 java.base@17.0.2/java.util.concurrent.ThreadPoolExecutor$Worker.run(ThreadPoolExecutor.java:635)
 java.base@17.0.2/java.lang.Thread.run(Thread.java:833)
16-Apr-2024 10:49:43.692 WARNING [main] org.apache.catalina.loader.WebappClassLoaderBase.clearReferencesThreads The web application [geoserver] appears to have started a thread named [EMF Reference Cleaner] but has failed to stop it. This is very likely to create a memory leak. Stack trace of thread:
 java.base@17.0.2/java.lang.Object.wait(Native Method)
 java.base@17.0.2/java.lang.ref.ReferenceQueue.remove(ReferenceQueue.java:155)
 java.base@17.0.2/java.lang.ref.ReferenceQueue.remove(ReferenceQueue.java:176)
 org.eclipse.emf.common.util.CommonUtil$1ReferenceClearingQueuePollingThread.run(CommonUtil.java:70)
16-Apr-2024 10:49:43.719 WARNING [main] org.apache.catalina.loader.WebappClassLoaderBase.clearReferencesThreads The web application [geoserver] appears to have started a thread named [GuavaAuthCache-0-1] but has failed to stop it. This is very likely to create a memory leak. Stack trace of thread:
 java.base@17.0.2/jdk.internal.misc.Unsafe.park(Native Method)
 java.base@17.0.2/java.util.concurrent.locks.LockSupport.parkNanos(LockSupport.java:252)
 java.base@17.0.2/java.util.concurrent.locks.AbstractQueuedSynchronizer$ConditionObject.awaitNanos(AbstractQueuedSynchronizer.java:1672)
 java.base@17.0.2/java.util.concurrent.ScheduledThreadPoolExecutor$DelayedWorkQueue.take(ScheduledThreadPoolExecutor.java:1182)
 java.base@17.0.2/java.util.concurrent.ScheduledThreadPoolExecutor$DelayedWorkQueue.take(ScheduledThreadPoolExecutor.java:899)
 java.base@17.0.2/java.util.concurrent.ThreadPoolExecutor.getTask(ThreadPoolExecutor.java:1062)
 java.base@17.0.2/java.util.concurrent.ThreadPoolExecutor.runWorker(ThreadPoolExecutor.java:1122)
 java.base@17.0.2/java.util.concurrent.ThreadPoolExecutor$Worker.run(ThreadPoolExecutor.java:635)
 java.base@17.0.2/java.lang.Thread.run(Thread.java:833)
16-Apr-2024 10:49:43.720 WARNING [main] org.apache.catalina.loader.WebappClassLoaderBase.clearReferencesThreads The web application [geoserver] appears to have started a thread named [Timer-1] but has failed to stop it. This is very likely to create a memory leak. Stack trace of thread:
 java.base@17.0.2/java.lang.Object.wait(Native Method)
 java.base@17.0.2/java.util.TimerThread.mainLoop(Timer.java:563)
 java.base@17.0.2/java.util.TimerThread.run(Timer.java:516)
16-Apr-2024 10:49:43.722 SEVERE [main] org.apache.catalina.loader.WebappClassLoaderBase.checkThreadLocalMapForLeaks The web application [geoserver] created a ThreadLocal with key of type [java.lang.ThreadLocal.SuppliedThreadLocal] (value [java.lang.ThreadLocal$SuppliedThreadLocal@547fb791]) and a value of type [org.geowebcache.storage.CompositeBlobStore.StoreSuitabilityCheck] (value [EXISTING]) but failed to remove it when the web application was stopped. Threads are going to be renewed over time to try and avoid a probable memory leak.
16-Apr-2024 10:49:43.723 SEVERE [main] org.apache.catalina.loader.WebappClassLoaderBase.checkThreadLocalMapForLeaks The web application [geoserver] created a ThreadLocal with key of type [java.lang.ThreadLocal] (value [java.lang.ThreadLocal@265651d6]) and a value of type [org.springframework.security.core.context.SecurityContextImpl] (value [SecurityContextImpl [Null authentication]]) but failed to remove it when the web application was stopped. Threads are going to be renewed over time to try and avoid a probable memory leak.
16-Apr-2024 10:49:43.723 SEVERE [main] org.apache.catalina.loader.WebappClassLoaderBase.checkThreadLocalMapForLeaks The web application [geoserver] created a ThreadLocal with key of type [org.geotools.renderer.lite.RendererUtilities$1] (value [org.geotools.renderer.lite.RendererUtilities$1@7767af85]) and a value of type [org.geotools.referencing.operation.builder.GridToEnvelopeMapper] (value [org.geotools.referencing.operation.builder.GridToEnvelopeMapper@219187d1]) but failed to remove it when the web application was stopped. Threads are going to be renewed over time to try and avoid a probable memory leak.
16-Apr-2024 10:49:43.723 SEVERE [main] org.apache.catalina.loader.WebappClassLoaderBase.checkThreadLocalMapForLeaks The web application [geoserver] created a ThreadLocal with key of type [org.geotools.renderer.lite.RendererUtilities$1] (value [org.geotools.renderer.lite.RendererUtilities$1@7767af85]) and a value of type [org.geotools.referencing.operation.builder.GridToEnvelopeMapper] (value [org.geotools.referencing.operation.builder.GridToEnvelopeMapper@87b6f4d]) but failed to remove it when the web application was stopped. Threads are going to be renewed over time to try and avoid a probable memory leak.
16-Apr-2024 10:49:43.724 SEVERE [main] org.apache.catalina.loader.WebappClassLoaderBase.checkThreadLocalMapForLeaks The web application [geoserver] created a ThreadLocal with key of type [org.geotools.renderer.lite.RendererUtilities$1] (value [org.geotools.renderer.lite.RendererUtilities$1@7767af85]) and a value of type [org.geotools.referencing.operation.builder.GridToEnvelopeMapper] (value [org.geotools.referencing.operation.builder.GridToEnvelopeMapper@1c374775]) but failed to remove it when the web application was stopped. Threads are going to be renewed over time to try and avoid a probable memory leak.
16-Apr-2024 10:49:43.724 SEVERE [main] org.apache.catalina.loader.WebappClassLoaderBase.checkThreadLocalMapForLeaks The web application [geoserver] created a ThreadLocal with key of type [org.geotools.renderer.lite.RendererUtilities$1] (value [org.geotools.renderer.lite.RendererUtilities$1@7767af85]) and a value of type [org.geotools.referencing.operation.builder.GridToEnvelopeMapper] (value [org.geotools.referencing.operation.builder.GridToEnvelopeMapper@56e6d8f1]) but failed to remove it when the web application was stopped. Threads are going to be renewed over time to try and avoid a probable memory leak.
16-Apr-2024 10:49:43.725 SEVERE [main] org.apache.catalina.loader.WebappClassLoaderBase.checkThreadLocalMapForLeaks The web application [geoserver] created a ThreadLocal with key of type [org.geotools.renderer.lite.RendererUtilities$1] (value [org.geotools.renderer.lite.RendererUtilities$1@7767af85]) and a value of type [org.geotools.referencing.operation.builder.GridToEnvelopeMapper] (value [org.geotools.referencing.operation.builder.GridToEnvelopeMapper@7b6462f3]) but failed to remove it when the web application was stopped. Threads are going to be renewed over time to try and avoid a probable memory leak.
16-Apr-2024 10:49:43.725 SEVERE [main] org.apache.catalina.loader.WebappClassLoaderBase.checkThreadLocalMapForLeaks The web application [geoserver] created a ThreadLocal with key of type [org.geotools.renderer.lite.RendererUtilities$1] (value [org.geotools.renderer.lite.RendererUtilities$1@7767af85]) and a value of type [org.geotools.referencing.operation.builder.GridToEnvelopeMapper] (value [org.geotools.referencing.operation.builder.GridToEnvelopeMapper@28367bd5]) but failed to remove it when the web application was stopped. Threads are going to be renewed over time to try and avoid a probable memory leak.
16-Apr-2024 10:49:43.726 SEVERE [main] org.apache.catalina.loader.WebappClassLoaderBase.checkThreadLocalMapForLeaks The web application [geoserver] created a ThreadLocal with key of type [org.geotools.renderer.lite.RendererUtilities$1] (value [org.geotools.renderer.lite.RendererUtilities$1@7767af85]) and a value of type [org.geotools.referencing.operation.builder.GridToEnvelopeMapper] (value [org.geotools.referencing.operation.builder.GridToEnvelopeMapper@e9c8d49]) but failed to remove it when the web application was stopped. Threads are going to be renewed over time to try and avoid a probable memory leak.
16-Apr-2024 10:49:43.727 SEVERE [main] org.apache.catalina.loader.WebappClassLoaderBase.checkThreadLocalMapForLeaks The web application [geoserver] created a ThreadLocal with key of type [org.geotools.renderer.lite.RendererUtilities$1] (value [org.geotools.renderer.lite.RendererUtilities$1@7767af85]) and a value of type [org.geotools.referencing.operation.builder.GridToEnvelopeMapper] (value [org.geotools.referencing.operation.builder.GridToEnvelopeMapper@6e5dfd3b]) but failed to remove it when the web application was stopped. Threads are going to be renewed over time to try and avoid a probable memory leak.
16-Apr-2024 10:49:43.727 SEVERE [main] org.apache.catalina.loader.WebappClassLoaderBase.checkThreadLocalMapForLeaks The web application [geoserver] created a ThreadLocal with key of type [org.geotools.renderer.lite.RendererUtilities$1] (value [org.geotools.renderer.lite.RendererUtilities$1@7767af85]) and a value of type [org.geotools.referencing.operation.builder.GridToEnvelopeMapper] (value [org.geotools.referencing.operation.builder.GridToEnvelopeMapper@36f669f9]) but failed to remove it when the web application was stopped. Threads are going to be renewed over time to try and avoid a probable memory leak.
16-Apr-2024 10:49:43.727 SEVERE [main] org.apache.catalina.loader.WebappClassLoaderBase.checkThreadLocalMapForLeaks The web application [geoserver] created a ThreadLocal with key of type [org.geotools.renderer.lite.RendererUtilities$1] (value [org.geotools.renderer.lite.RendererUtilities$1@7767af85]) and a value of type [org.geotools.referencing.operation.builder.GridToEnvelopeMapper] (value [org.geotools.referencing.operation.builder.GridToEnvelopeMapper@2d055421]) but failed to remove it when the web application was stopped. Threads are going to be renewed over time to try and avoid a probable memory leak.
16-Apr-2024 10:49:43.728 SEVERE [main] org.apache.catalina.loader.WebappClassLoaderBase.checkThreadLocalMapForLeaks The web application [geoserver] created a ThreadLocal with key of type [java.lang.InheritableThreadLocal] (value [java.lang.InheritableThreadLocal@46acebf0]) and a value of type [org.geoserver.ows.Request] (value [WMS 1.3.0 GetMap]) but failed to remove it when the web application was stopped. Threads are going to be renewed over time to try and avoid a probable memory leak.
16-Apr-2024 10:49:43.772 INFO [main] org.apache.coyote.AbstractProtocol.stop Stopping ProtocolHandler ["http-nio-8080"]
16-Apr-2024 10:49:43.778 INFO [main] org.apache.coyote.AbstractProtocol.destroy Destroying ProtocolHandler ["http-nio-8080"]
16-Apr-2024 13:58:00.181 INFO [main] org.apache.catalina.startup.VersionLoggerListener.log Server version name:   Apache Tomcat/9.0.86
16-Apr-2024 13:58:00.190 INFO [main] org.apache.catalina.startup.VersionLoggerListener.log Server built:          Feb 14 2024 08:15:12 UTC
16-Apr-2024 13:58:00.190 INFO [main] org.apache.catalina.startup.VersionLoggerListener.log Server version number: 9.0.86.0
16-Apr-2024 13:58:00.190 INFO [main] org.apache.catalina.startup.VersionLoggerListener.log OS Name:               Mac OS X
16-Apr-2024 13:58:00.191 INFO [main] org.apache.catalina.startup.VersionLoggerListener.log OS Version:            14.4
16-Apr-2024 13:58:00.191 INFO [main] org.apache.catalina.startup.VersionLoggerListener.log Architecture:          x86_64
16-Apr-2024 13:58:00.191 INFO [main] org.apache.catalina.startup.VersionLoggerListener.log Java Home:             /Library/Java/JavaVirtualMachines/jdk-17.0.2.jdk/Contents/Home
16-Apr-2024 13:58:00.191 INFO [main] org.apache.catalina.startup.VersionLoggerListener.log JVM Version:           17.0.2+8-86
16-Apr-2024 13:58:00.191 INFO [main] org.apache.catalina.startup.VersionLoggerListener.log JVM Vendor:            Oracle Corporation
16-Apr-2024 13:58:00.191 INFO [main] org.apache.catalina.startup.VersionLoggerListener.log CATALINA_BASE:         /Users/vatsalpatel/Desktop/mid/apache-tomcat-9.0.86
16-Apr-2024 13:58:00.192 INFO [main] org.apache.catalina.startup.VersionLoggerListener.log CATALINA_HOME:         /Users/vatsalpatel/Desktop/mid/apache-tomcat-9.0.86
16-Apr-2024 13:58:00.279 INFO [main] org.apache.catalina.startup.VersionLoggerListener.log Command line argument: --add-opens=java.base/java.lang=ALL-UNNAMED
16-Apr-2024 13:58:00.279 INFO [main] org.apache.catalina.startup.VersionLoggerListener.log Command line argument: --add-opens=java.base/java.io=ALL-UNNAMED
16-Apr-2024 13:58:00.280 INFO [main] org.apache.catalina.startup.VersionLoggerListener.log Command line argument: --add-opens=java.base/java.util=ALL-UNNAMED
16-Apr-2024 13:58:00.280 INFO [main] org.apache.catalina.startup.VersionLoggerListener.log Command line argument: --add-opens=java.base/java.util.concurrent=ALL-UNNAMED
16-Apr-2024 13:58:00.280 INFO [main] org.apache.catalina.startup.VersionLoggerListener.log Command line argument: --add-opens=java.rmi/sun.rmi.transport=ALL-UNNAMED
16-Apr-2024 13:58:00.280 INFO [main] org.apache.catalina.startup.VersionLoggerListener.log Command line argument: -Djava.util.logging.config.file=/Users/vatsalpatel/Desktop/mid/apache-tomcat-9.0.86/conf/logging.properties
16-Apr-2024 13:58:00.280 INFO [main] org.apache.catalina.startup.VersionLoggerListener.log Command line argument: -Djava.util.logging.manager=org.apache.juli.ClassLoaderLogManager
16-Apr-2024 13:58:00.280 INFO [main] org.apache.catalina.startup.VersionLoggerListener.log Command line argument: -Djdk.tls.ephemeralDHKeySize=2048
16-Apr-2024 13:58:00.280 INFO [main] org.apache.catalina.startup.VersionLoggerListener.log Command line argument: -Djava.protocol.handler.pkgs=org.apache.catalina.webresources
16-Apr-2024 13:58:00.280 INFO [main] org.apache.catalina.startup.VersionLoggerListener.log Command line argument: -Dorg.apache.catalina.security.SecurityListener.UMASK=0027
16-Apr-2024 13:58:00.281 INFO [main] org.apache.catalina.startup.VersionLoggerListener.log Command line argument: -Dignore.endorsed.dirs=
16-Apr-2024 13:58:00.281 INFO [main] org.apache.catalina.startup.VersionLoggerListener.log Command line argument: -Dcatalina.base=/Users/vatsalpatel/Desktop/mid/apache-tomcat-9.0.86
16-Apr-2024 13:58:00.281 INFO [main] org.apache.catalina.startup.VersionLoggerListener.log Command line argument: -Dcatalina.home=/Users/vatsalpatel/Desktop/mid/apache-tomcat-9.0.86
16-Apr-2024 13:58:00.281 INFO [main] org.apache.catalina.startup.VersionLoggerListener.log Command line argument: -Djava.io.tmpdir=/Users/vatsalpatel/Desktop/mid/apache-tomcat-9.0.86/temp
16-Apr-2024 13:58:00.306 INFO [main] org.apache.catalina.core.AprLifecycleListener.lifecycleEvent The Apache Tomcat Native library which allows using OpenSSL was not found on the java.library.path: [/Users/vatsalpatel/Library/Java/Extensions:/Library/Java/Extensions:/Network/Library/Java/Extensions:/System/Library/Java/Extensions:/usr/lib/java:.]
16-Apr-2024 13:58:00.793 INFO [main] org.apache.coyote.AbstractProtocol.init Initializing ProtocolHandler ["http-nio-8080"]
16-Apr-2024 13:58:00.864 INFO [main] org.apache.catalina.startup.Catalina.load Server initialization in [1130] milliseconds
16-Apr-2024 13:58:01.082 INFO [main] org.apache.catalina.core.StandardService.startInternal Starting service [Catalina]
16-Apr-2024 13:58:01.083 INFO [main] org.apache.catalina.core.StandardEngine.startInternal Starting Servlet engine: [Apache Tomcat/9.0.86]
16-Apr-2024 13:58:01.119 INFO [main] org.apache.catalina.startup.HostConfig.deployWAR Deploying web application archive [/Users/vatsalpatel/Desktop/mid/apache-tomcat-9.0.86/webapps/geoserver.war]
16-Apr-2024 13:58:16.634 INFO [main] org.apache.jasper.servlet.TldScanner.scanJars At least one JAR was scanned for TLDs yet contained no TLDs. Enable debug logging for this logger for a complete list of JARs that were scanned but no TLDs were found in them. Skipping unneeded JARs during scanning can improve startup time and JSP compilation time.
16-Apr-2024 13:58:41.249 INFO [main] org.apache.catalina.startup.HostConfig.deployWAR Deployment of web application archive [/Users/vatsalpatel/Desktop/mid/apache-tomcat-9.0.86/webapps/geoserver.war] has finished in [40,130] ms
16-Apr-2024 13:58:41.251 INFO [main] org.apache.catalina.startup.HostConfig.deployDirectory Deploying web application directory [/Users/vatsalpatel/Desktop/mid/apache-tomcat-9.0.86/webapps/docs]
16-Apr-2024 13:58:41.282 INFO [main] org.apache.catalina.startup.HostConfig.deployDirectory Deployment of web application directory [/Users/vatsalpatel/Desktop/mid/apache-tomcat-9.0.86/webapps/docs] has finished in [31] ms
16-Apr-2024 13:58:41.283 INFO [main] org.apache.catalina.startup.HostConfig.deployDirectory Deploying web application directory [/Users/vatsalpatel/Desktop/mid/apache-tomcat-9.0.86/webapps/webgis]
16-Apr-2024 13:58:41.299 INFO [main] org.apache.catalina.startup.HostConfig.deployDirectory Deployment of web application directory [/Users/vatsalpatel/Desktop/mid/apache-tomcat-9.0.86/webapps/webgis] has finished in [17] ms
16-Apr-2024 13:58:41.300 INFO [main] org.apache.catalina.startup.HostConfig.deployDirectory Deploying web application directory [/Users/vatsalpatel/Desktop/mid/apache-tomcat-9.0.86/webapps/manager]
16-Apr-2024 13:58:41.351 INFO [main] org.apache.catalina.startup.HostConfig.deployDirectory Deployment of web application directory [/Users/vatsalpatel/Desktop/mid/apache-tomcat-9.0.86/webapps/manager] has finished in [51] ms
16-Apr-2024 13:58:41.352 INFO [main] org.apache.catalina.startup.HostConfig.deployDirectory Deploying web application directory [/Users/vatsalpatel/Desktop/mid/apache-tomcat-9.0.86/webapps/examples]
16-Apr-2024 13:58:41.677 INFO [main] org.apache.catalina.startup.HostConfig.deployDirectory Deployment of web application directory [/Users/vatsalpatel/Desktop/mid/apache-tomcat-9.0.86/webapps/examples] has finished in [324] ms
16-Apr-2024 13:58:41.677 INFO [main] org.apache.catalina.startup.HostConfig.deployDirectory Deploying web application directory [/Users/vatsalpatel/Desktop/mid/apache-tomcat-9.0.86/webapps/ROOT]
16-Apr-2024 13:58:41.697 INFO [main] org.apache.catalina.startup.HostConfig.deployDirectory Deployment of web application directory [/Users/vatsalpatel/Desktop/mid/apache-tomcat-9.0.86/webapps/ROOT] has finished in [19] ms
16-Apr-2024 13:58:41.697 INFO [main] org.apache.catalina.startup.HostConfig.deployDirectory Deploying web application directory [/Users/vatsalpatel/Desktop/mid/apache-tomcat-9.0.86/webapps/host-manager]
16-Apr-2024 13:58:41.726 INFO [main] org.apache.catalina.startup.HostConfig.deployDirectory Deployment of web application directory [/Users/vatsalpatel/Desktop/mid/apache-tomcat-9.0.86/webapps/host-manager] has finished in [29] ms
16-Apr-2024 13:58:41.734 INFO [main] org.apache.coyote.AbstractProtocol.start Starting ProtocolHandler ["http-nio-8080"]
16-Apr-2024 13:58:41.763 INFO [main] org.apache.catalina.startup.Catalina.start Server startup in [40898] milliseconds
16-Apr-2024 14:03:21.377 INFO [main] org.apache.catalina.core.StandardServer.await A valid shutdown command was received via the shutdown port. Stopping the Server instance.
16-Apr-2024 14:03:21.379 INFO [main] org.apache.coyote.AbstractProtocol.pause Pausing ProtocolHandler ["http-nio-8080"]
16-Apr-2024 14:03:21.383 INFO [main] org.apache.catalina.core.StandardService.stopInternal Stopping service [Catalina]
16-Apr-2024 14:03:24.307 WARNING [main] org.apache.catalina.loader.WebappClassLoaderBase.clearReferencesThreads The web application [geoserver] appears to have started a thread named [FileSystemWatcher-1] but has failed to stop it. This is very likely to create a memory leak. Stack trace of thread:
 java.base@17.0.2/jdk.internal.misc.Unsafe.park(Native Method)
 java.base@17.0.2/java.util.concurrent.locks.LockSupport.parkNanos(LockSupport.java:252)
 java.base@17.0.2/java.util.concurrent.locks.AbstractQueuedSynchronizer$ConditionObject.awaitNanos(AbstractQueuedSynchronizer.java:1672)
 java.base@17.0.2/java.util.concurrent.ScheduledThreadPoolExecutor$DelayedWorkQueue.take(ScheduledThreadPoolExecutor.java:1182)
 java.base@17.0.2/java.util.concurrent.ScheduledThreadPoolExecutor$DelayedWorkQueue.take(ScheduledThreadPoolExecutor.java:899)
 java.base@17.0.2/java.util.concurrent.ThreadPoolExecutor.getTask(ThreadPoolExecutor.java:1062)
 java.base@17.0.2/java.util.concurrent.ThreadPoolExecutor.runWorker(ThreadPoolExecutor.java:1122)
 java.base@17.0.2/java.util.concurrent.ThreadPoolExecutor$Worker.run(ThreadPoolExecutor.java:635)
 java.base@17.0.2/java.lang.Thread.run(Thread.java:833)
16-Apr-2024 14:03:24.308 WARNING [main] org.apache.catalina.loader.WebappClassLoaderBase.clearReferencesThreads The web application [geoserver] appears to have started a thread named [EMF Reference Cleaner] but has failed to stop it. This is very likely to create a memory leak. Stack trace of thread:
 java.base@17.0.2/java.lang.Object.wait(Native Method)
 java.base@17.0.2/java.lang.ref.ReferenceQueue.remove(ReferenceQueue.java:155)
 java.base@17.0.2/java.lang.ref.ReferenceQueue.remove(ReferenceQueue.java:176)
 org.eclipse.emf.common.util.CommonUtil$1ReferenceClearingQueuePollingThread.run(CommonUtil.java:70)
16-Apr-2024 14:03:24.309 WARNING [main] org.apache.catalina.loader.WebappClassLoaderBase.clearReferencesThreads The web application [geoserver] appears to have started a thread named [GuavaAuthCache-0-1] but has failed to stop it. This is very likely to create a memory leak. Stack trace of thread:
 java.base@17.0.2/jdk.internal.misc.Unsafe.park(Native Method)
 java.base@17.0.2/java.util.concurrent.locks.LockSupport.parkNanos(LockSupport.java:252)
 java.base@17.0.2/java.util.concurrent.locks.AbstractQueuedSynchronizer$ConditionObject.awaitNanos(AbstractQueuedSynchronizer.java:1672)
 java.base@17.0.2/java.util.concurrent.ScheduledThreadPoolExecutor$DelayedWorkQueue.take(ScheduledThreadPoolExecutor.java:1182)
 java.base@17.0.2/java.util.concurrent.ScheduledThreadPoolExecutor$DelayedWorkQueue.take(ScheduledThreadPoolExecutor.java:899)
 java.base@17.0.2/java.util.concurrent.ThreadPoolExecutor.getTask(ThreadPoolExecutor.java:1062)
 java.base@17.0.2/java.util.concurrent.ThreadPoolExecutor.runWorker(ThreadPoolExecutor.java:1122)
 java.base@17.0.2/java.util.concurrent.ThreadPoolExecutor$Worker.run(ThreadPoolExecutor.java:635)
 java.base@17.0.2/java.lang.Thread.run(Thread.java:833)
16-Apr-2024 14:03:24.309 WARNING [main] org.apache.catalina.loader.WebappClassLoaderBase.clearReferencesThreads The web application [geoserver] appears to have started a thread named [Timer-1] but has failed to stop it. This is very likely to create a memory leak. Stack trace of thread:
 java.base@17.0.2/java.lang.Object.wait(Native Method)
 java.base@17.0.2/java.util.TimerThread.mainLoop(Timer.java:563)
 java.base@17.0.2/java.util.TimerThread.run(Timer.java:516)
16-Apr-2024 14:03:24.311 SEVERE [main] org.apache.catalina.loader.WebappClassLoaderBase.checkThreadLocalMapForLeaks The web application [geoserver] created a ThreadLocal with key of type [java.lang.ThreadLocal.SuppliedThreadLocal] (value [java.lang.ThreadLocal$SuppliedThreadLocal@2598dd6c]) and a value of type [org.geowebcache.storage.CompositeBlobStore.StoreSuitabilityCheck] (value [EXISTING]) but failed to remove it when the web application was stopped. Threads are going to be renewed over time to try and avoid a probable memory leak.
16-Apr-2024 14:03:24.311 SEVERE [main] org.apache.catalina.loader.WebappClassLoaderBase.checkThreadLocalMapForLeaks The web application [geoserver] created a ThreadLocal with key of type [java.lang.ThreadLocal] (value [java.lang.ThreadLocal@d9e0ca2]) and a value of type [org.springframework.security.core.context.SecurityContextImpl] (value [SecurityContextImpl [Null authentication]]) but failed to remove it when the web application was stopped. Threads are going to be renewed over time to try and avoid a probable memory leak.
16-Apr-2024 14:03:24.312 SEVERE [main] org.apache.catalina.loader.WebappClassLoaderBase.checkThreadLocalMapForLeaks The web application [geoserver] created a ThreadLocal with key of type [org.geotools.renderer.lite.RendererUtilities$1] (value [org.geotools.renderer.lite.RendererUtilities$1@39035d4d]) and a value of type [org.geotools.referencing.operation.builder.GridToEnvelopeMapper] (value [org.geotools.referencing.operation.builder.GridToEnvelopeMapper@3604daac]) but failed to remove it when the web application was stopped. Threads are going to be renewed over time to try and avoid a probable memory leak.
16-Apr-2024 14:03:24.312 SEVERE [main] org.apache.catalina.loader.WebappClassLoaderBase.checkThreadLocalMapForLeaks The web application [geoserver] created a ThreadLocal with key of type [org.geotools.renderer.lite.RendererUtilities$1] (value [org.geotools.renderer.lite.RendererUtilities$1@39035d4d]) and a value of type [org.geotools.referencing.operation.builder.GridToEnvelopeMapper] (value [org.geotools.referencing.operation.builder.GridToEnvelopeMapper@559402bd]) but failed to remove it when the web application was stopped. Threads are going to be renewed over time to try and avoid a probable memory leak.
16-Apr-2024 14:03:24.313 SEVERE [main] org.apache.catalina.loader.WebappClassLoaderBase.checkThreadLocalMapForLeaks The web application [geoserver] created a ThreadLocal with key of type [org.geotools.renderer.lite.RendererUtilities$1] (value [org.geotools.renderer.lite.RendererUtilities$1@39035d4d]) and a value of type [org.geotools.referencing.operation.builder.GridToEnvelopeMapper] (value [org.geotools.referencing.operation.builder.GridToEnvelopeMapper@b5836cb]) but failed to remove it when the web application was stopped. Threads are going to be renewed over time to try and avoid a probable memory leak.
16-Apr-2024 14:03:24.313 SEVERE [main] org.apache.catalina.loader.WebappClassLoaderBase.checkThreadLocalMapForLeaks The web application [geoserver] created a ThreadLocal with key of type [org.geotools.renderer.lite.RendererUtilities$1] (value [org.geotools.renderer.lite.RendererUtilities$1@39035d4d]) and a value of type [org.geotools.referencing.operation.builder.GridToEnvelopeMapper] (value [org.geotools.referencing.operation.builder.GridToEnvelopeMapper@1b194cb6]) but failed to remove it when the web application was stopped. Threads are going to be renewed over time to try and avoid a probable memory leak.
16-Apr-2024 14:03:24.313 SEVERE [main] org.apache.catalina.loader.WebappClassLoaderBase.checkThreadLocalMapForLeaks The web application [geoserver] created a ThreadLocal with key of type [org.geotools.renderer.lite.RendererUtilities$1] (value [org.geotools.renderer.lite.RendererUtilities$1@39035d4d]) and a value of type [org.geotools.referencing.operation.builder.GridToEnvelopeMapper] (value [org.geotools.referencing.operation.builder.GridToEnvelopeMapper@6e6d2482]) but failed to remove it when the web application was stopped. Threads are going to be renewed over time to try and avoid a probable memory leak.
16-Apr-2024 14:03:24.314 SEVERE [main] org.apache.catalina.loader.WebappClassLoaderBase.checkThreadLocalMapForLeaks The web application [geoserver] created a ThreadLocal with key of type [org.geotools.renderer.lite.RendererUtilities$1] (value [org.geotools.renderer.lite.RendererUtilities$1@39035d4d]) and a value of type [org.geotools.referencing.operation.builder.GridToEnvelopeMapper] (value [org.geotools.referencing.operation.builder.GridToEnvelopeMapper@51bd3199]) but failed to remove it when the web application was stopped. Threads are going to be renewed over time to try and avoid a probable memory leak.
16-Apr-2024 14:03:24.314 SEVERE [main] org.apache.catalina.loader.WebappClassLoaderBase.checkThreadLocalMapForLeaks The web application [geoserver] created a ThreadLocal with key of type [org.geotools.renderer.lite.RendererUtilities$1] (value [org.geotools.renderer.lite.RendererUtilities$1@39035d4d]) and a value of type [org.geotools.referencing.operation.builder.GridToEnvelopeMapper] (value [org.geotools.referencing.operation.builder.GridToEnvelopeMapper@1b19bb0b]) but failed to remove it when the web application was stopped. Threads are going to be renewed over time to try and avoid a probable memory leak.
16-Apr-2024 14:03:24.314 SEVERE [main] org.apache.catalina.loader.WebappClassLoaderBase.checkThreadLocalMapForLeaks The web application [geoserver] created a ThreadLocal with key of type [org.geotools.renderer.lite.RendererUtilities$1] (value [org.geotools.renderer.lite.RendererUtilities$1@39035d4d]) and a value of type [org.geotools.referencing.operation.builder.GridToEnvelopeMapper] (value [org.geotools.referencing.operation.builder.GridToEnvelopeMapper@4ab43822]) but failed to remove it when the web application was stopped. Threads are going to be renewed over time to try and avoid a probable memory leak.
16-Apr-2024 14:03:24.315 SEVERE [main] org.apache.catalina.loader.WebappClassLoaderBase.checkThreadLocalMapForLeaks The web application [geoserver] created a ThreadLocal with key of type [org.geotools.renderer.lite.RendererUtilities$1] (value [org.geotools.renderer.lite.RendererUtilities$1@39035d4d]) and a value of type [org.geotools.referencing.operation.builder.GridToEnvelopeMapper] (value [org.geotools.referencing.operation.builder.GridToEnvelopeMapper@4d7a5cc2]) but failed to remove it when the web application was stopped. Threads are going to be renewed over time to try and avoid a probable memory leak.
16-Apr-2024 14:03:24.315 SEVERE [main] org.apache.catalina.loader.WebappClassLoaderBase.checkThreadLocalMapForLeaks The web application [geoserver] created a ThreadLocal with key of type [org.geotools.renderer.lite.RendererUtilities$1] (value [org.geotools.renderer.lite.RendererUtilities$1@39035d4d]) and a value of type [org.geotools.referencing.operation.builder.GridToEnvelopeMapper] (value [org.geotools.referencing.operation.builder.GridToEnvelopeMapper@75f39d0d]) but failed to remove it when the web application was stopped. Threads are going to be renewed over time to try and avoid a probable memory leak.
16-Apr-2024 14:03:24.316 SEVERE [main] org.apache.catalina.loader.WebappClassLoaderBase.checkThreadLocalMapForLeaks The web application [geoserver] created a ThreadLocal with key of type [java.lang.InheritableThreadLocal] (value [java.lang.InheritableThreadLocal@23e4a15b]) and a value of type [org.geoserver.ows.Request] (value [wms 1.0.0 GetLegendGraphic]) but failed to remove it when the web application was stopped. Threads are going to be renewed over time to try and avoid a probable memory leak.
16-Apr-2024 14:03:24.316 SEVERE [main] org.apache.catalina.loader.WebappClassLoaderBase.checkThreadLocalMapForLeaks The web application [geoserver] created a ThreadLocal with key of type [java.lang.InheritableThreadLocal] (value [java.lang.InheritableThreadLocal@23e4a15b]) and a value of type [org.geoserver.ows.Request] (value [WMS 1.3.0 GetMap]) but failed to remove it when the web application was stopped. Threads are going to be renewed over time to try and avoid a probable memory leak.
16-Apr-2024 14:03:24.341 INFO [main] org.apache.coyote.AbstractProtocol.stop Stopping ProtocolHandler ["http-nio-8080"]
16-Apr-2024 14:03:24.355 INFO [main] org.apache.coyote.AbstractProtocol.destroy Destroying ProtocolHandler ["http-nio-8080"]
