15-Mar-2024 18:44:43.151 INFO [main] org.apache.catalina.startup.VersionLoggerListener.log Server version name:   Apache Tomcat/9.0.86
15-Mar-2024 18:44:43.158 INFO [main] org.apache.catalina.startup.VersionLoggerListener.log Server built:          Feb 14 2024 08:15:12 UTC
15-Mar-2024 18:44:43.158 INFO [main] org.apache.catalina.startup.VersionLoggerListener.log Server version number: 9.0.86.0
15-Mar-2024 18:44:43.158 INFO [main] org.apache.catalina.startup.VersionLoggerListener.log OS Name:               Mac OS X
15-Mar-2024 18:44:43.158 INFO [main] org.apache.catalina.startup.VersionLoggerListener.log OS Version:            14.4
15-Mar-2024 18:44:43.158 INFO [main] org.apache.catalina.startup.VersionLoggerListener.log Architecture:          x86_64
15-Mar-2024 18:44:43.159 INFO [main] org.apache.catalina.startup.VersionLoggerListener.log Java Home:             /Library/Java/JavaVirtualMachines/jdk-17.0.2.jdk/Contents/Home
15-Mar-2024 18:44:43.159 INFO [main] org.apache.catalina.startup.VersionLoggerListener.log JVM Version:           17.0.2+8-86
15-Mar-2024 18:44:43.159 INFO [main] org.apache.catalina.startup.VersionLoggerListener.log JVM Vendor:            Oracle Corporation
15-Mar-2024 18:44:43.159 INFO [main] org.apache.catalina.startup.VersionLoggerListener.log CATALINA_BASE:         /Users/vatsalpatel/Desktop/mid/apache-tomcat-9.0.86
15-Mar-2024 18:44:43.159 INFO [main] org.apache.catalina.startup.VersionLoggerListener.log CATALINA_HOME:         /Users/vatsalpatel/Desktop/mid/apache-tomcat-9.0.86
15-Mar-2024 18:44:43.237 INFO [main] org.apache.catalina.startup.VersionLoggerListener.log Command line argument: --add-opens=java.base/java.lang=ALL-UNNAMED
15-Mar-2024 18:44:43.238 INFO [main] org.apache.catalina.startup.VersionLoggerListener.log Command line argument: --add-opens=java.base/java.io=ALL-UNNAMED
15-Mar-2024 18:44:43.238 INFO [main] org.apache.catalina.startup.VersionLoggerListener.log Command line argument: --add-opens=java.base/java.util=ALL-UNNAMED
15-Mar-2024 18:44:43.238 INFO [main] org.apache.catalina.startup.VersionLoggerListener.log Command line argument: --add-opens=java.base/java.util.concurrent=ALL-UNNAMED
15-Mar-2024 18:44:43.244 INFO [main] org.apache.catalina.startup.VersionLoggerListener.log Command line argument: --add-opens=java.rmi/sun.rmi.transport=ALL-UNNAMED
15-Mar-2024 18:44:43.244 INFO [main] org.apache.catalina.startup.VersionLoggerListener.log Command line argument: -Djava.util.logging.config.file=/Users/vatsalpatel/Desktop/mid/apache-tomcat-9.0.86/conf/logging.properties
15-Mar-2024 18:44:43.245 INFO [main] org.apache.catalina.startup.VersionLoggerListener.log Command line argument: -Djava.util.logging.manager=org.apache.juli.ClassLoaderLogManager
15-Mar-2024 18:44:43.245 INFO [main] org.apache.catalina.startup.VersionLoggerListener.log Command line argument: -Djdk.tls.ephemeralDHKeySize=2048
15-Mar-2024 18:44:43.246 INFO [main] org.apache.catalina.startup.VersionLoggerListener.log Command line argument: -Djava.protocol.handler.pkgs=org.apache.catalina.webresources
15-Mar-2024 18:44:43.246 INFO [main] org.apache.catalina.startup.VersionLoggerListener.log Command line argument: -Dorg.apache.catalina.security.SecurityListener.UMASK=0027
15-Mar-2024 18:44:43.246 INFO [main] org.apache.catalina.startup.VersionLoggerListener.log Command line argument: -Dignore.endorsed.dirs=
15-Mar-2024 18:44:43.246 INFO [main] org.apache.catalina.startup.VersionLoggerListener.log Command line argument: -Dcatalina.base=/Users/vatsalpatel/Desktop/mid/apache-tomcat-9.0.86
15-Mar-2024 18:44:43.246 INFO [main] org.apache.catalina.startup.VersionLoggerListener.log Command line argument: -Dcatalina.home=/Users/vatsalpatel/Desktop/mid/apache-tomcat-9.0.86
15-Mar-2024 18:44:43.247 INFO [main] org.apache.catalina.startup.VersionLoggerListener.log Command line argument: -Djava.io.tmpdir=/Users/vatsalpatel/Desktop/mid/apache-tomcat-9.0.86/temp
15-Mar-2024 18:44:43.260 INFO [main] org.apache.catalina.core.AprLifecycleListener.lifecycleEvent The Apache Tomcat Native library which allows using OpenSSL was not found on the java.library.path: [/Users/vatsalpatel/Library/Java/Extensions:/Library/Java/Extensions:/Network/Library/Java/Extensions:/System/Library/Java/Extensions:/usr/lib/java:.]
15-Mar-2024 18:44:43.753 INFO [main] org.apache.coyote.AbstractProtocol.init Initializing ProtocolHandler ["http-nio-8080"]
15-Mar-2024 18:44:43.820 INFO [main] org.apache.catalina.startup.Catalina.load Server initialization in [1009] milliseconds
15-Mar-2024 18:44:43.944 INFO [main] org.apache.catalina.core.StandardService.startInternal Starting service [Catalina]
15-Mar-2024 18:44:43.946 INFO [main] org.apache.catalina.core.StandardEngine.startInternal Starting Servlet engine: [Apache Tomcat/9.0.86]
15-Mar-2024 18:44:43.987 INFO [main] org.apache.catalina.startup.HostConfig.deployWAR Deploying web application archive [/Users/vatsalpatel/Desktop/mid/apache-tomcat-9.0.86/webapps/geoserver.war]
15-Mar-2024 18:44:56.102 INFO [main] org.apache.jasper.servlet.TldScanner.scanJars At least one JAR was scanned for TLDs yet contained no TLDs. Enable debug logging for this logger for a complete list of JARs that were scanned but no TLDs were found in them. Skipping unneeded JARs during scanning can improve startup time and JSP compilation time.
15-Mar-2024 18:45:16.041 INFO [main] org.apache.catalina.startup.HostConfig.deployWAR Deployment of web application archive [/Users/vatsalpatel/Desktop/mid/apache-tomcat-9.0.86/webapps/geoserver.war] has finished in [32,054] ms
15-Mar-2024 18:45:16.042 INFO [main] org.apache.catalina.startup.HostConfig.deployDirectory Deploying web application directory [/Users/vatsalpatel/Desktop/mid/apache-tomcat-9.0.86/webapps/docs]
15-Mar-2024 18:45:16.073 INFO [main] org.apache.catalina.startup.HostConfig.deployDirectory Deployment of web application directory [/Users/vatsalpatel/Desktop/mid/apache-tomcat-9.0.86/webapps/docs] has finished in [30] ms
15-Mar-2024 18:45:16.073 INFO [main] org.apache.catalina.startup.HostConfig.deployDirectory Deploying web application directory [/Users/vatsalpatel/Desktop/mid/apache-tomcat-9.0.86/webapps/webgis]
15-Mar-2024 18:45:16.089 INFO [main] org.apache.catalina.startup.HostConfig.deployDirectory Deployment of web application directory [/Users/vatsalpatel/Desktop/mid/apache-tomcat-9.0.86/webapps/webgis] has finished in [16] ms
15-Mar-2024 18:45:16.089 INFO [main] org.apache.catalina.startup.HostConfig.deployDirectory Deploying web application directory [/Users/vatsalpatel/Desktop/mid/apache-tomcat-9.0.86/webapps/manager]
15-Mar-2024 18:45:16.139 INFO [main] org.apache.catalina.startup.HostConfig.deployDirectory Deployment of web application directory [/Users/vatsalpatel/Desktop/mid/apache-tomcat-9.0.86/webapps/manager] has finished in [50] ms
15-Mar-2024 18:45:16.139 INFO [main] org.apache.catalina.startup.HostConfig.deployDirectory Deploying web application directory [/Users/vatsalpatel/Desktop/mid/apache-tomcat-9.0.86/webapps/examples]
15-Mar-2024 18:45:16.430 INFO [main] org.apache.catalina.startup.HostConfig.deployDirectory Deployment of web application directory [/Users/vatsalpatel/Desktop/mid/apache-tomcat-9.0.86/webapps/examples] has finished in [291] ms
15-Mar-2024 18:45:16.430 INFO [main] org.apache.catalina.startup.HostConfig.deployDirectory Deploying web application directory [/Users/vatsalpatel/Desktop/mid/apache-tomcat-9.0.86/webapps/ROOT]
15-Mar-2024 18:45:16.448 INFO [main] org.apache.catalina.startup.HostConfig.deployDirectory Deployment of web application directory [/Users/vatsalpatel/Desktop/mid/apache-tomcat-9.0.86/webapps/ROOT] has finished in [17] ms
15-Mar-2024 18:45:16.448 INFO [main] org.apache.catalina.startup.HostConfig.deployDirectory Deploying web application directory [/Users/vatsalpatel/Desktop/mid/apache-tomcat-9.0.86/webapps/host-manager]
15-Mar-2024 18:45:16.477 INFO [main] org.apache.catalina.startup.HostConfig.deployDirectory Deployment of web application directory [/Users/vatsalpatel/Desktop/mid/apache-tomcat-9.0.86/webapps/host-manager] has finished in [29] ms
15-Mar-2024 18:45:16.483 INFO [main] org.apache.coyote.AbstractProtocol.start Starting ProtocolHandler ["http-nio-8080"]
15-Mar-2024 18:45:16.507 INFO [main] org.apache.catalina.startup.Catalina.start Server startup in [32687] milliseconds
15-Mar-2024 18:45:44.616 INFO [main] org.apache.catalina.core.StandardServer.await A valid shutdown command was received via the shutdown port. Stopping the Server instance.
15-Mar-2024 18:45:44.617 INFO [main] org.apache.coyote.AbstractProtocol.pause Pausing ProtocolHandler ["http-nio-8080"]
15-Mar-2024 18:45:44.622 INFO [main] org.apache.catalina.core.StandardService.stopInternal Stopping service [Catalina]
15-Mar-2024 18:45:45.421 WARNING [main] org.apache.catalina.loader.WebappClassLoaderBase.clearReferencesThreads The web application [geoserver] appears to have started a thread named [FileSystemWatcher-1] but has failed to stop it. This is very likely to create a memory leak. Stack trace of thread:
 java.base@17.0.2/jdk.internal.misc.Unsafe.park(Native Method)
 java.base@17.0.2/java.util.concurrent.locks.LockSupport.parkNanos(LockSupport.java:252)
 java.base@17.0.2/java.util.concurrent.locks.AbstractQueuedSynchronizer$ConditionObject.awaitNanos(AbstractQueuedSynchronizer.java:1672)
 java.base@17.0.2/java.util.concurrent.ScheduledThreadPoolExecutor$DelayedWorkQueue.take(ScheduledThreadPoolExecutor.java:1182)
 java.base@17.0.2/java.util.concurrent.ScheduledThreadPoolExecutor$DelayedWorkQueue.take(ScheduledThreadPoolExecutor.java:899)
 java.base@17.0.2/java.util.concurrent.ThreadPoolExecutor.getTask(ThreadPoolExecutor.java:1062)
 java.base@17.0.2/java.util.concurrent.ThreadPoolExecutor.runWorker(ThreadPoolExecutor.java:1122)
 java.base@17.0.2/java.util.concurrent.ThreadPoolExecutor$Worker.run(ThreadPoolExecutor.java:635)
 java.base@17.0.2/java.lang.Thread.run(Thread.java:833)
15-Mar-2024 18:45:45.423 WARNING [main] org.apache.catalina.loader.WebappClassLoaderBase.clearReferencesThreads The web application [geoserver] appears to have started a thread named [EMF Reference Cleaner] but has failed to stop it. This is very likely to create a memory leak. Stack trace of thread:
 java.base@17.0.2/java.lang.Object.wait(Native Method)
 java.base@17.0.2/java.lang.ref.ReferenceQueue.remove(ReferenceQueue.java:155)
 java.base@17.0.2/java.lang.ref.ReferenceQueue.remove(ReferenceQueue.java:176)
 org.eclipse.emf.common.util.CommonUtil$1ReferenceClearingQueuePollingThread.run(CommonUtil.java:70)
15-Mar-2024 18:45:45.424 WARNING [main] org.apache.catalina.loader.WebappClassLoaderBase.clearReferencesThreads The web application [geoserver] appears to have started a thread named [GuavaAuthCache-0-1] but has failed to stop it. This is very likely to create a memory leak. Stack trace of thread:
 java.base@17.0.2/jdk.internal.misc.Unsafe.park(Native Method)
 java.base@17.0.2/java.util.concurrent.locks.LockSupport.parkNanos(LockSupport.java:252)
 java.base@17.0.2/java.util.concurrent.locks.AbstractQueuedSynchronizer$ConditionObject.awaitNanos(AbstractQueuedSynchronizer.java:1672)
 java.base@17.0.2/java.util.concurrent.ScheduledThreadPoolExecutor$DelayedWorkQueue.take(ScheduledThreadPoolExecutor.java:1182)
 java.base@17.0.2/java.util.concurrent.ScheduledThreadPoolExecutor$DelayedWorkQueue.take(ScheduledThreadPoolExecutor.java:899)
 java.base@17.0.2/java.util.concurrent.ThreadPoolExecutor.getTask(ThreadPoolExecutor.java:1062)
 java.base@17.0.2/java.util.concurrent.ThreadPoolExecutor.runWorker(ThreadPoolExecutor.java:1122)
 java.base@17.0.2/java.util.concurrent.ThreadPoolExecutor$Worker.run(ThreadPoolExecutor.java:635)
 java.base@17.0.2/java.lang.Thread.run(Thread.java:833)
15-Mar-2024 18:45:45.426 WARNING [main] org.apache.catalina.loader.WebappClassLoaderBase.clearReferencesThreads The web application [geoserver] appears to have started a thread named [Timer-1] but has failed to stop it. This is very likely to create a memory leak. Stack trace of thread:
 java.base@17.0.2/java.lang.Object.wait(Native Method)
 java.base@17.0.2/java.util.TimerThread.mainLoop(Timer.java:563)
 java.base@17.0.2/java.util.TimerThread.run(Timer.java:516)
15-Mar-2024 18:45:45.429 SEVERE [main] org.apache.catalina.loader.WebappClassLoaderBase.checkThreadLocalMapForLeaks The web application [geoserver] created a ThreadLocal with key of type [java.lang.ThreadLocal.SuppliedThreadLocal] (value [java.lang.ThreadLocal$SuppliedThreadLocal@13dd9cd4]) and a value of type [org.geowebcache.storage.CompositeBlobStore.StoreSuitabilityCheck] (value [EXISTING]) but failed to remove it when the web application was stopped. Threads are going to be renewed over time to try and avoid a probable memory leak.
15-Mar-2024 18:45:45.429 SEVERE [main] org.apache.catalina.loader.WebappClassLoaderBase.checkThreadLocalMapForLeaks The web application [geoserver] created a ThreadLocal with key of type [java.lang.ThreadLocal] (value [java.lang.ThreadLocal@64fd0a2b]) and a value of type [org.springframework.security.core.context.SecurityContextImpl] (value [SecurityContextImpl [Null authentication]]) but failed to remove it when the web application was stopped. Threads are going to be renewed over time to try and avoid a probable memory leak.
15-Mar-2024 18:45:45.429 SEVERE [main] org.apache.catalina.loader.WebappClassLoaderBase.checkThreadLocalMapForLeaks The web application [geoserver] created a ThreadLocal with key of type [org.geotools.renderer.lite.RendererUtilities$1] (value [org.geotools.renderer.lite.RendererUtilities$1@31d7651]) and a value of type [org.geotools.referencing.operation.builder.GridToEnvelopeMapper] (value [org.geotools.referencing.operation.builder.GridToEnvelopeMapper@33fad88e]) but failed to remove it when the web application was stopped. Threads are going to be renewed over time to try and avoid a probable memory leak.
15-Mar-2024 18:45:45.430 SEVERE [main] org.apache.catalina.loader.WebappClassLoaderBase.checkThreadLocalMapForLeaks The web application [geoserver] created a ThreadLocal with key of type [org.geotools.renderer.lite.RendererUtilities$1] (value [org.geotools.renderer.lite.RendererUtilities$1@31d7651]) and a value of type [org.geotools.referencing.operation.builder.GridToEnvelopeMapper] (value [org.geotools.referencing.operation.builder.GridToEnvelopeMapper@4cbed919]) but failed to remove it when the web application was stopped. Threads are going to be renewed over time to try and avoid a probable memory leak.
15-Mar-2024 18:45:45.431 SEVERE [main] org.apache.catalina.loader.WebappClassLoaderBase.checkThreadLocalMapForLeaks The web application [geoserver] created a ThreadLocal with key of type [java.lang.InheritableThreadLocal] (value [java.lang.InheritableThreadLocal@409e2ef7]) and a value of type [org.geoserver.ows.Request] (value [wms 1.0.0 GetLegendGraphic]) but failed to remove it when the web application was stopped. Threads are going to be renewed over time to try and avoid a probable memory leak.
15-Mar-2024 18:45:45.431 SEVERE [main] org.apache.catalina.loader.WebappClassLoaderBase.checkThreadLocalMapForLeaks The web application [geoserver] created a ThreadLocal with key of type [java.lang.InheritableThreadLocal] (value [java.lang.InheritableThreadLocal@409e2ef7]) and a value of type [org.geoserver.ows.Request] (value [WMS 1.3.0 GetMap]) but failed to remove it when the web application was stopped. Threads are going to be renewed over time to try and avoid a probable memory leak.
15-Mar-2024 18:45:45.448 INFO [main] org.apache.coyote.AbstractProtocol.stop Stopping ProtocolHandler ["http-nio-8080"]
15-Mar-2024 18:45:45.452 INFO [main] org.apache.coyote.AbstractProtocol.destroy Destroying ProtocolHandler ["http-nio-8080"]
