16-Apr-2024 10:36:54.654 INFO [main] org.apache.catalina.core.ApplicationContext.log No Spring WebApplicationInitializer types detected on classpath
16-Apr-2024 10:36:58.842 INFO [main] org.apache.catalina.core.ApplicationContext.log Initializing Spring root WebApplicationContext
16-Apr-2024 10:37:20.304 INFO [main] org.apache.catalina.core.ApplicationContext.log ContextListener: contextInitialized()
16-Apr-2024 10:37:20.304 INFO [main] org.apache.catalina.core.ApplicationContext.log SessionListener: contextInitialized()
16-Apr-2024 10:37:20.305 INFO [main] org.apache.catalina.core.ApplicationContext.log ContextListener: attributeAdded('StockTicker', 'async.Stockticker@983e545')
16-Apr-2024 10:38:10.814 INFO [http-nio-8080-exec-2] org.apache.catalina.core.ApplicationContext.log Initializing Spring DispatcherServlet 'dispatcher'
16-Apr-2024 10:49:41.156 INFO [main] org.apache.catalina.core.ApplicationContext.log Destroying Spring FrameworkServlet 'dispatcher'
16-Apr-2024 10:49:41.318 INFO [main] org.apache.catalina.core.ApplicationContext.log Closing Spring root WebApplicationContext
16-Apr-2024 10:49:43.739 INFO [main] org.apache.catalina.core.ApplicationContext.log SessionListener: contextDestroyed()
16-Apr-2024 10:49:43.740 INFO [main] org.apache.catalina.core.ApplicationContext.log ContextListener: contextDestroyed()
16-Apr-2024 13:58:16.641 INFO [main] org.apache.catalina.core.ApplicationContext.log No Spring WebApplicationInitializer types detected on classpath
16-Apr-2024 13:58:20.393 INFO [main] org.apache.catalina.core.ApplicationContext.log Initializing Spring root WebApplicationContext
16-Apr-2024 13:58:41.668 INFO [main] org.apache.catalina.core.ApplicationContext.log ContextListener: contextInitialized()
16-Apr-2024 13:58:41.668 INFO [main] org.apache.catalina.core.ApplicationContext.log SessionListener: contextInitialized()
16-Apr-2024 13:58:41.669 INFO [main] org.apache.catalina.core.ApplicationContext.log ContextListener: attributeAdded('StockTicker', 'async.Stockticker@62a76e3b')
16-Apr-2024 13:58:42.395 INFO [http-nio-8080-exec-7] org.apache.catalina.core.ApplicationContext.log Initializing Spring DispatcherServlet 'dispatcher'
16-Apr-2024 14:03:21.403 INFO [main] org.apache.catalina.core.ApplicationContext.log Destroying Spring FrameworkServlet 'dispatcher'
16-Apr-2024 14:03:21.528 INFO [main] org.apache.catalina.core.ApplicationContext.log Closing Spring root WebApplicationContext
16-Apr-2024 14:03:24.323 INFO [main] org.apache.catalina.core.ApplicationContext.log SessionListener: contextDestroyed()
16-Apr-2024 14:03:24.323 INFO [main] org.apache.catalina.core.ApplicationContext.log ContextListener: contextDestroyed()
