19-Apr-2024 09:36:26.887 INFO [main] org.apache.catalina.core.ApplicationContext.log No Spring WebApplicationInitializer types detected on classpath
19-Apr-2024 09:36:30.223 INFO [main] org.apache.catalina.core.ApplicationContext.log Initializing Spring root WebApplicationContext
19-Apr-2024 09:36:51.639 INFO [main] org.apache.catalina.core.ApplicationContext.log ContextListener: contextInitialized()
19-Apr-2024 09:36:51.639 INFO [main] org.apache.catalina.core.ApplicationContext.log SessionListener: contextInitialized()
19-Apr-2024 09:36:51.640 INFO [main] org.apache.catalina.core.ApplicationContext.log ContextListener: attributeAdded('StockTicker', 'async.Stockticker@40abb63a')
19-Apr-2024 09:36:52.663 INFO [http-nio-8080-exec-8] org.apache.catalina.core.ApplicationContext.log Initializing Spring DispatcherServlet 'dispatcher'
19-Apr-2024 09:37:08.128 INFO [main] org.apache.catalina.core.ApplicationContext.log Destroying Spring FrameworkServlet 'dispatcher'
19-Apr-2024 09:37:08.227 INFO [main] org.apache.catalina.core.ApplicationContext.log Closing Spring root WebApplicationContext
19-Apr-2024 09:37:09.233 INFO [main] org.apache.catalina.core.ApplicationContext.log SessionListener: contextDestroyed()
19-Apr-2024 09:37:09.233 INFO [main] org.apache.catalina.core.ApplicationContext.log ContextListener: contextDestroyed()
19-Apr-2024 09:49:49.944 INFO [main] org.apache.catalina.core.ApplicationContext.log No Spring WebApplicationInitializer types detected on classpath
19-Apr-2024 09:49:52.875 INFO [main] org.apache.catalina.core.ApplicationContext.log Initializing Spring root WebApplicationContext
19-Apr-2024 09:50:08.887 INFO [main] org.apache.catalina.core.ApplicationContext.log ContextListener: contextInitialized()
19-Apr-2024 09:50:08.887 INFO [main] org.apache.catalina.core.ApplicationContext.log SessionListener: contextInitialized()
19-Apr-2024 09:50:08.889 INFO [main] org.apache.catalina.core.ApplicationContext.log ContextListener: attributeAdded('StockTicker', 'async.Stockticker@3dfc25d5')
19-Apr-2024 09:50:09.147 INFO [http-nio-8080-exec-5] org.apache.catalina.core.ApplicationContext.log Initializing Spring DispatcherServlet 'dispatcher'
19-Apr-2024 10:15:14.012 INFO [main] org.apache.catalina.core.ApplicationContext.log No Spring WebApplicationInitializer types detected on classpath
19-Apr-2024 10:15:19.062 INFO [main] org.apache.catalina.core.ApplicationContext.log Initializing Spring root WebApplicationContext
19-Apr-2024 10:15:43.756 INFO [main] org.apache.catalina.core.ApplicationContext.log ContextListener: contextInitialized()
19-Apr-2024 10:15:43.756 INFO [main] org.apache.catalina.core.ApplicationContext.log SessionListener: contextInitialized()
19-Apr-2024 10:15:43.757 INFO [main] org.apache.catalina.core.ApplicationContext.log ContextListener: attributeAdded('StockTicker', 'async.Stockticker@3e79a066')
19-Apr-2024 10:15:43.846 INFO [main] org.apache.catalina.core.ApplicationContext.log Closing Spring root WebApplicationContext
19-Apr-2024 10:15:45.152 INFO [main] org.apache.catalina.core.ApplicationContext.log SessionListener: contextDestroyed()
19-Apr-2024 10:15:45.152 INFO [main] org.apache.catalina.core.ApplicationContext.log ContextListener: contextDestroyed()
19-Apr-2024 11:03:49.059 INFO [main] org.apache.catalina.core.ApplicationContext.log Destroying Spring FrameworkServlet 'dispatcher'
19-Apr-2024 11:03:49.195 INFO [main] org.apache.catalina.core.ApplicationContext.log Closing Spring root WebApplicationContext
19-Apr-2024 11:03:50.853 INFO [main] org.apache.catalina.core.ApplicationContext.log SessionListener: contextDestroyed()
19-Apr-2024 11:03:50.853 INFO [main] org.apache.catalina.core.ApplicationContext.log ContextListener: contextDestroyed()
19-Apr-2024 19:34:32.300 INFO [main] org.apache.catalina.core.ApplicationContext.log No Spring WebApplicationInitializer types detected on classpath
19-Apr-2024 19:34:35.497 INFO [main] org.apache.catalina.core.ApplicationContext.log Initializing Spring root WebApplicationContext
19-Apr-2024 19:34:50.620 INFO [main] org.apache.catalina.core.ApplicationContext.log ContextListener: contextInitialized()
19-Apr-2024 19:34:50.620 INFO [main] org.apache.catalina.core.ApplicationContext.log SessionListener: contextInitialized()
19-Apr-2024 19:34:50.621 INFO [main] org.apache.catalina.core.ApplicationContext.log ContextListener: attributeAdded('StockTicker', 'async.Stockticker@1b1de709')
19-Apr-2024 19:34:51.212 INFO [http-nio-8080-exec-9] org.apache.catalina.core.ApplicationContext.log Initializing Spring DispatcherServlet 'dispatcher'
19-Apr-2024 20:03:04.799 INFO [main] org.apache.catalina.core.ApplicationContext.log Destroying Spring FrameworkServlet 'dispatcher'
19-Apr-2024 20:03:04.930 INFO [main] org.apache.catalina.core.ApplicationContext.log Closing Spring root WebApplicationContext
19-Apr-2024 20:03:05.932 INFO [main] org.apache.catalina.core.ApplicationContext.log SessionListener: contextDestroyed()
19-Apr-2024 20:03:05.932 INFO [main] org.apache.catalina.core.ApplicationContext.log ContextListener: contextDestroyed()
