07-Mar-2024 09:45:20.922 INFO [main] org.apache.catalina.core.ApplicationContext.log No Spring WebApplicationInitializer types detected on classpath
07-Mar-2024 09:45:26.541 INFO [main] org.apache.catalina.core.ApplicationContext.log Initializing Spring root WebApplicationContext
07-Mar-2024 09:45:56.728 INFO [main] org.apache.catalina.core.ApplicationContext.log ContextListener: contextInitialized()
07-Mar-2024 09:45:56.729 INFO [main] org.apache.catalina.core.ApplicationContext.log SessionListener: contextInitialized()
07-Mar-2024 09:45:56.731 INFO [main] org.apache.catalina.core.ApplicationContext.log ContextListener: attributeAdded('StockTicker', 'async.Stockticker@31eef03a')
07-Mar-2024 09:46:54.205 INFO [http-nio-8080-exec-5] org.apache.catalina.core.ApplicationContext.log Initializing Spring DispatcherServlet 'dispatcher'
07-Mar-2024 14:26:49.354 INFO [main] org.apache.catalina.core.ApplicationContext.log Destroying Spring FrameworkServlet 'dispatcher'
07-Mar-2024 14:26:49.570 INFO [main] org.apache.catalina.core.ApplicationContext.log Closing Spring root WebApplicationContext
07-Mar-2024 14:26:51.280 INFO [main] org.apache.catalina.core.ApplicationContext.log SessionListener: contextDestroyed()
07-Mar-2024 14:26:51.280 INFO [main] org.apache.catalina.core.ApplicationContext.log ContextListener: contextDestroyed()
07-Mar-2024 15:00:55.121 INFO [main] org.apache.catalina.core.ApplicationContext.log No Spring WebApplicationInitializer types detected on classpath
07-Mar-2024 15:00:59.905 INFO [main] org.apache.catalina.core.ApplicationContext.log Initializing Spring root WebApplicationContext
07-Mar-2024 15:01:19.572 INFO [main] org.apache.catalina.core.ApplicationContext.log ContextListener: contextInitialized()
07-Mar-2024 15:01:19.573 INFO [main] org.apache.catalina.core.ApplicationContext.log SessionListener: contextInitialized()
07-Mar-2024 15:01:19.575 INFO [main] org.apache.catalina.core.ApplicationContext.log ContextListener: attributeAdded('StockTicker', 'async.Stockticker@6b9b09d2')
07-Mar-2024 15:01:35.713 INFO [http-nio-8080-exec-3] org.apache.catalina.core.ApplicationContext.log Initializing Spring DispatcherServlet 'dispatcher'
07-Mar-2024 15:35:20.412 INFO [main] org.apache.catalina.core.ApplicationContext.log Destroying Spring FrameworkServlet 'dispatcher'
07-Mar-2024 15:35:20.819 INFO [main] org.apache.catalina.core.ApplicationContext.log Closing Spring root WebApplicationContext
07-Mar-2024 15:35:22.495 INFO [main] org.apache.catalina.core.ApplicationContext.log SessionListener: contextDestroyed()
07-Mar-2024 15:35:22.495 INFO [main] org.apache.catalina.core.ApplicationContext.log ContextListener: contextDestroyed()
