29-Apr-2024 08:51:34.841 INFO [main] org.apache.catalina.core.ApplicationContext.log No Spring WebApplicationInitializer types detected on classpath
29-Apr-2024 08:51:38.383 INFO [main] org.apache.catalina.core.ApplicationContext.log Initializing Spring root WebApplicationContext
29-Apr-2024 08:52:03.147 INFO [main] org.apache.catalina.core.ApplicationContext.log ContextListener: contextInitialized()
29-Apr-2024 08:52:03.147 INFO [main] org.apache.catalina.core.ApplicationContext.log SessionListener: contextInitialized()
29-Apr-2024 08:52:03.149 INFO [main] org.apache.catalina.core.ApplicationContext.log ContextListener: attributeAdded('StockTicker', 'async.Stockticker@15f634f5')
29-Apr-2024 09:19:54.585 INFO [http-nio-8080-exec-5] org.apache.catalina.core.ApplicationContext.log Initializing Spring DispatcherServlet 'dispatcher'
29-Apr-2024 09:31:11.167 INFO [main] org.apache.catalina.core.ApplicationContext.log Destroying Spring FrameworkServlet 'dispatcher'
29-Apr-2024 09:31:11.226 INFO [main] org.apache.catalina.core.ApplicationContext.log Closing Spring root WebApplicationContext
29-Apr-2024 09:31:13.853 INFO [main] org.apache.catalina.core.ApplicationContext.log SessionListener: contextDestroyed()
29-Apr-2024 09:31:13.854 INFO [main] org.apache.catalina.core.ApplicationContext.log ContextListener: contextDestroyed()
29-Apr-2024 09:31:27.832 INFO [main] org.apache.catalina.core.ApplicationContext.log No Spring WebApplicationInitializer types detected on classpath
29-Apr-2024 09:31:29.972 INFO [main] org.apache.catalina.core.ApplicationContext.log Initializing Spring root WebApplicationContext
29-Apr-2024 09:31:47.342 INFO [main] org.apache.catalina.core.ApplicationContext.log ContextListener: contextInitialized()
29-Apr-2024 09:31:47.342 INFO [main] org.apache.catalina.core.ApplicationContext.log SessionListener: contextInitialized()
29-Apr-2024 09:31:47.344 INFO [main] org.apache.catalina.core.ApplicationContext.log ContextListener: attributeAdded('StockTicker', 'async.Stockticker@192d7187')
29-Apr-2024 09:31:47.942 INFO [http-nio-8080-exec-7] org.apache.catalina.core.ApplicationContext.log Initializing Spring DispatcherServlet 'dispatcher'
29-Apr-2024 09:55:17.111 INFO [main] org.apache.catalina.core.ApplicationContext.log Destroying Spring FrameworkServlet 'dispatcher'
29-Apr-2024 09:55:17.132 INFO [main] org.apache.catalina.core.ApplicationContext.log Closing Spring root WebApplicationContext
29-Apr-2024 09:55:18.759 INFO [main] org.apache.catalina.core.ApplicationContext.log SessionListener: contextDestroyed()
29-Apr-2024 09:55:18.760 INFO [main] org.apache.catalina.core.ApplicationContext.log ContextListener: contextDestroyed()
29-Apr-2024 09:55:33.311 INFO [main] org.apache.catalina.core.ApplicationContext.log No Spring WebApplicationInitializer types detected on classpath
29-Apr-2024 09:55:34.978 INFO [main] org.apache.catalina.core.ApplicationContext.log Initializing Spring root WebApplicationContext
29-Apr-2024 09:55:48.784 INFO [main] org.apache.catalina.core.ApplicationContext.log ContextListener: contextInitialized()
29-Apr-2024 09:55:48.784 INFO [main] org.apache.catalina.core.ApplicationContext.log SessionListener: contextInitialized()
29-Apr-2024 09:55:48.786 INFO [main] org.apache.catalina.core.ApplicationContext.log ContextListener: attributeAdded('StockTicker', 'async.Stockticker@6fc00b10')
29-Apr-2024 09:55:58.637 INFO [http-nio-8080-exec-3] org.apache.catalina.core.ApplicationContext.log Initializing Spring DispatcherServlet 'dispatcher'
29-Apr-2024 10:22:54.312 INFO [Thread-5] org.apache.catalina.core.ApplicationContext.log Destroying Spring FrameworkServlet 'dispatcher'
29-Apr-2024 10:22:54.337 INFO [Thread-5] org.apache.catalina.core.ApplicationContext.log Closing Spring root WebApplicationContext
29-Apr-2024 10:22:58.454 INFO [Thread-5] org.apache.catalina.core.ApplicationContext.log SessionListener: contextDestroyed()
29-Apr-2024 10:22:58.455 INFO [Thread-5] org.apache.catalina.core.ApplicationContext.log ContextListener: contextDestroyed()
29-Apr-2024 17:00:53.717 INFO [main] org.apache.catalina.core.ApplicationContext.log No Spring WebApplicationInitializer types detected on classpath
29-Apr-2024 17:00:55.728 INFO [main] org.apache.catalina.core.ApplicationContext.log Initializing Spring root WebApplicationContext
29-Apr-2024 17:01:12.443 INFO [main] org.apache.catalina.core.ApplicationContext.log ContextListener: contextInitialized()
29-Apr-2024 17:01:12.443 INFO [main] org.apache.catalina.core.ApplicationContext.log SessionListener: contextInitialized()
29-Apr-2024 17:01:12.444 INFO [main] org.apache.catalina.core.ApplicationContext.log ContextListener: attributeAdded('StockTicker', 'async.Stockticker@2700be60')
29-Apr-2024 17:01:13.145 INFO [http-nio-8080-exec-9] org.apache.catalina.core.ApplicationContext.log Initializing Spring DispatcherServlet 'dispatcher'
29-Apr-2024 17:05:39.656 INFO [main] org.apache.catalina.core.ApplicationContext.log Destroying Spring FrameworkServlet 'dispatcher'
29-Apr-2024 17:05:39.662 INFO [main] org.apache.catalina.core.ApplicationContext.log Closing Spring root WebApplicationContext
29-Apr-2024 17:05:40.863 INFO [main] org.apache.catalina.core.ApplicationContext.log SessionListener: contextDestroyed()
29-Apr-2024 17:05:40.863 INFO [main] org.apache.catalina.core.ApplicationContext.log ContextListener: contextDestroyed()
29-Apr-2024 21:20:16.214 INFO [main] org.apache.catalina.core.ApplicationContext.log No Spring WebApplicationInitializer types detected on classpath
29-Apr-2024 21:20:17.948 INFO [main] org.apache.catalina.core.ApplicationContext.log Initializing Spring root WebApplicationContext
29-Apr-2024 21:20:32.909 INFO [main] org.apache.catalina.core.ApplicationContext.log ContextListener: contextInitialized()
29-Apr-2024 21:20:32.909 INFO [main] org.apache.catalina.core.ApplicationContext.log SessionListener: contextInitialized()
29-Apr-2024 21:20:32.910 INFO [main] org.apache.catalina.core.ApplicationContext.log ContextListener: attributeAdded('StockTicker', 'async.Stockticker@6a2575af')
29-Apr-2024 21:20:33.629 INFO [http-nio-8080-exec-7] org.apache.catalina.core.ApplicationContext.log Initializing Spring DispatcherServlet 'dispatcher'
