28-Apr-2024 09:55:35.024 INFO [main] org.apache.catalina.core.ApplicationContext.log No Spring WebApplicationInitializer types detected on classpath
28-Apr-2024 09:55:37.102 INFO [main] org.apache.catalina.core.ApplicationContext.log Initializing Spring root WebApplicationContext
28-Apr-2024 09:55:54.167 INFO [main] org.apache.catalina.core.ApplicationContext.log ContextListener: contextInitialized()
28-Apr-2024 09:55:54.167 INFO [main] org.apache.catalina.core.ApplicationContext.log SessionListener: contextInitialized()
28-Apr-2024 09:55:54.168 INFO [main] org.apache.catalina.core.ApplicationContext.log ContextListener: attributeAdded('StockTicker', 'async.Stockticker@44072509')
28-Apr-2024 09:55:55.178 INFO [http-nio-8080-exec-4] org.apache.catalina.core.ApplicationContext.log Initializing Spring DispatcherServlet 'dispatcher'
28-Apr-2024 11:07:35.678 INFO [main] org.apache.catalina.core.ApplicationContext.log Destroying Spring FrameworkServlet 'dispatcher'
28-Apr-2024 11:07:35.719 INFO [main] org.apache.catalina.core.ApplicationContext.log Closing Spring root WebApplicationContext
28-Apr-2024 11:07:37.472 INFO [main] org.apache.catalina.core.ApplicationContext.log SessionListener: contextDestroyed()
28-Apr-2024 11:07:37.472 INFO [main] org.apache.catalina.core.ApplicationContext.log ContextListener: contextDestroyed()
28-Apr-2024 18:59:38.468 INFO [main] org.apache.catalina.core.ApplicationContext.log No Spring WebApplicationInitializer types detected on classpath
28-Apr-2024 18:59:40.894 INFO [main] org.apache.catalina.core.ApplicationContext.log Initializing Spring root WebApplicationContext
28-Apr-2024 19:00:04.617 INFO [main] org.apache.catalina.core.ApplicationContext.log ContextListener: contextInitialized()
28-Apr-2024 19:00:04.617 INFO [main] org.apache.catalina.core.ApplicationContext.log SessionListener: contextInitialized()
28-Apr-2024 19:00:04.618 INFO [main] org.apache.catalina.core.ApplicationContext.log ContextListener: attributeAdded('StockTicker', 'async.Stockticker@34442e7a')
28-Apr-2024 19:54:54.391 INFO [http-nio-8080-exec-7] org.apache.catalina.core.ApplicationContext.log Initializing Spring DispatcherServlet 'dispatcher'
28-Apr-2024 19:58:49.760 INFO [main] org.apache.catalina.core.ApplicationContext.log Destroying Spring FrameworkServlet 'dispatcher'
28-Apr-2024 19:58:49.784 INFO [main] org.apache.catalina.core.ApplicationContext.log Closing Spring root WebApplicationContext
28-Apr-2024 19:58:50.523 INFO [main] org.apache.catalina.core.ApplicationContext.log SessionListener: contextDestroyed()
28-Apr-2024 19:58:50.523 INFO [main] org.apache.catalina.core.ApplicationContext.log ContextListener: contextDestroyed()
28-Apr-2024 19:59:04.734 INFO [main] org.apache.catalina.core.ApplicationContext.log No Spring WebApplicationInitializer types detected on classpath
28-Apr-2024 19:59:06.517 INFO [main] org.apache.catalina.core.ApplicationContext.log Initializing Spring root WebApplicationContext
28-Apr-2024 19:59:21.242 INFO [main] org.apache.catalina.core.ApplicationContext.log ContextListener: contextInitialized()
28-Apr-2024 19:59:21.242 INFO [main] org.apache.catalina.core.ApplicationContext.log SessionListener: contextInitialized()
28-Apr-2024 19:59:21.244 INFO [main] org.apache.catalina.core.ApplicationContext.log ContextListener: attributeAdded('StockTicker', 'async.Stockticker@721e3215')
28-Apr-2024 20:00:30.788 INFO [http-nio-8080-exec-4] org.apache.catalina.core.ApplicationContext.log Initializing Spring DispatcherServlet 'dispatcher'
28-Apr-2024 20:06:45.676 INFO [main] org.apache.catalina.core.ApplicationContext.log Destroying Spring FrameworkServlet 'dispatcher'
28-Apr-2024 20:06:45.699 INFO [main] org.apache.catalina.core.ApplicationContext.log Closing Spring root WebApplicationContext
28-Apr-2024 20:06:47.006 INFO [main] org.apache.catalina.core.ApplicationContext.log SessionListener: contextDestroyed()
28-Apr-2024 20:06:47.006 INFO [main] org.apache.catalina.core.ApplicationContext.log ContextListener: contextDestroyed()
28-Apr-2024 20:07:13.217 INFO [main] org.apache.catalina.core.ApplicationContext.log No Spring WebApplicationInitializer types detected on classpath
28-Apr-2024 20:07:15.257 INFO [main] org.apache.catalina.core.ApplicationContext.log Initializing Spring root WebApplicationContext
28-Apr-2024 20:07:31.917 INFO [main] org.apache.catalina.core.ApplicationContext.log ContextListener: contextInitialized()
28-Apr-2024 20:07:31.918 INFO [main] org.apache.catalina.core.ApplicationContext.log SessionListener: contextInitialized()
28-Apr-2024 20:07:31.920 INFO [main] org.apache.catalina.core.ApplicationContext.log ContextListener: attributeAdded('StockTicker', 'async.Stockticker@31c72992')
28-Apr-2024 20:09:25.784 INFO [http-nio-8080-exec-4] org.apache.catalina.core.ApplicationContext.log Initializing Spring DispatcherServlet 'dispatcher'
28-Apr-2024 20:36:26.174 INFO [Thread-5] org.apache.catalina.core.ApplicationContext.log Destroying Spring FrameworkServlet 'dispatcher'
28-Apr-2024 20:36:26.931 INFO [Thread-5] org.apache.catalina.core.ApplicationContext.log Closing Spring root WebApplicationContext
28-Apr-2024 20:36:30.311 INFO [Thread-5] org.apache.catalina.core.ApplicationContext.log SessionListener: contextDestroyed()
28-Apr-2024 20:36:30.311 INFO [Thread-5] org.apache.catalina.core.ApplicationContext.log ContextListener: contextDestroyed()
